FtcRobotController/build/outputs/logs/manifest-merger-debug-report.txt
-- Merging decision tree log ---
manifest
ADDED from src\main\AndroidManifest.xml:2:1-90:12
	package
		ADDED from src\main\AndroidManifest.xml:4:11-52
	android:versionName
		ADDED from src\main\AndroidManifest.xml:6:11-51
		INJECTED from src\main\AndroidManifest.xml
		INJECTED from src\main\AndroidManifest.xml
	xmlns:tools
		ADDED from src\main\AndroidManifest.xml:3:11-57
	android:versionCode
		ADDED from src\main\AndroidManifest.xml:5:11-34
		INJECTED from src\main\AndroidManifest.xml
		INJECTED from src\main\AndroidManifest.xml
	xmlns:android
		ADDED from src\main\AndroidManifest.xml:2:11-69
uses-permission#android.permission.ACCESS_WIFI_STATE
ADDED from src\main\AndroidManifest.xml:9:3-11:31
	android:required
		ADDED from src\main\AndroidManifest.xml:11:5-28
	android:name
		ADDED from src\main\AndroidManifest.xml:10:5-56
uses-permission#android.permission.CHANGE_WIFI_STATE
ADDED from src\main\AndroidManifest.xml:12:3-14:31
MERGED from [:WirelessP2p-release:] AndroidManifest.xml:9:5-76
	android:required
		ADDED from src\main\AndroidManifest.xml:14:5-28
	android:name
		ADDED from src\main\AndroidManifest.xml:13:5-56
uses-permission#android.permission.ACCESS_NETWORK_STATE
ADDED from src\main\AndroidManifest.xml:15:3-17:31
MERGED from [:Analytics-release:] AndroidManifest.xml:15:5-17:35
	android:required
		ADDED from src\main\AndroidManifest.xml:17:5-28
	android:name
		ADDED from src\main\AndroidManifest.xml:16:5-59
uses-permission#android.permission.CHANGE_NETWORK_STATE
ADDED from src\main\AndroidManifest.xml:18:3-20:31
	android:required
		ADDED from src\main\AndroidManifest.xml:20:5-28
	android:name
		ADDED from src\main\AndroidManifest.xml:19:5-59
uses-permission#android.permission.INTERNET
ADDED from src\main\AndroidManifest.xml:21:3-23:31
MERGED from [:Analytics-release:] AndroidManifest.xml:12:5-14:35
	android:required
		ADDED from src\main\AndroidManifest.xml:23:5-28
	android:name
		ADDED from src\main\AndroidManifest.xml:22:5-47
uses-permission#android.permission.WRITE_EXTERNAL_STORAGE
ADDED from src\main\AndroidManifest.xml:24:3-26:31
MERGED from [:FtcCommon-release:] AndroidManifest.xml:11:5-13:35
MERGED from [:Analytics-release:] AndroidManifest.xml:9:5-11:35
	android:required
		ADDED from src\main\AndroidManifest.xml:26:5-28
	android:name
		ADDED from src\main\AndroidManifest.xml:25:5-61
uses-permission#android.permission.READ_EXTERNAL_STORAGE
ADDED from src\main\AndroidManifest.xml:27:3-29:31
MERGED from [:FtcCommon-release:] AndroidManifest.xml:14:5-16:35
	android:required
		ADDED from src\main\AndroidManifest.xml:29:5-28
	android:name
		ADDED from src\main\AndroidManifest.xml:28:5-60
uses-permission#android.permission.WRITE_SETTINGS
ADDED from src\main\AndroidManifest.xml:30:3-32:31
MERGED from [:FtcCommon-release:] AndroidManifest.xml:17:5-19:35
	android:required
		ADDED from src\main\AndroidManifest.xml:32:5-28
	android:name
		ADDED from src\main\AndroidManifest.xml:31:5-53
uses-feature#android.hardware.usb.accessory
ADDED from src\main\AndroidManifest.xml:34:3-65
	android:name
		ADDED from src\main\AndroidManifest.xml:34:17-62
application
ADDED from src\main\AndroidManifest.xml:36:3-88:17
MERGED from [:FtcCommon-release:] AndroidManifest.xml:21:5-152:19
MERGED from [:Analytics-release:] AndroidManifest.xml:19:5-24:19
	android:label
		ADDED from src\main\AndroidManifest.xml:39:5-37
	android:exported
		ADDED from [:Analytics-release:] AndroidManifest.xml:21:9-32
	android:allowBackup
		ADDED from src\main\AndroidManifest.xml:37:5-31
	android:icon
		ADDED from src\main\AndroidManifest.xml:38:5-41
	android:theme
		ADDED from src\main\AndroidManifest.xml:40:5-36
activity#com.qualcomm.ftcrobotcontroller.FtcRobotControllerActivity
ADDED from src\main\AndroidManifest.xml:41:5-57:16
	android:label
		ADDED from src\main\AndroidManifest.xml:44:7-39
	android:launchMode
		ADDED from src\main\AndroidManifest.xml:45:7-38
	android:configChanges
		ADDED from src\main\AndroidManifest.xml:43:7-53
	android:name
		ADDED from src\main\AndroidManifest.xml:42:7-49
intent-filter#android.hardware.usb.action.USB_DEVICE_ATTACHED+android.intent.action.MAIN+android.intent.category.LAUNCHER
ADDED from src\main\AndroidManifest.xml:46:7-52:23
action#android.intent.action.MAIN
ADDED from src\main\AndroidManifest.xml:47:9-61
	android:name
		ADDED from src\main\AndroidManifest.xml:47:17-58
category#android.intent.category.LAUNCHER
ADDED from src\main\AndroidManifest.xml:49:9-69
	android:name
		ADDED from src\main\AndroidManifest.xml:49:19-66
action#android.hardware.usb.action.USB_DEVICE_ATTACHED
ADDED from src\main\AndroidManifest.xml:51:9-82
	android:name
		ADDED from src\main\AndroidManifest.xml:51:17-79
meta-data#android.hardware.usb.action.USB_DEVICE_ATTACHED
ADDED from src\main\AndroidManifest.xml:54:7-56:49
	android:resource
		ADDED from src\main\AndroidManifest.xml:56:9-46
	android:name
		ADDED from src\main\AndroidManifest.xml:55:9-71
activity#com.qualcomm.ftccommon.FtcRobotControllerSettingsActivity
ADDED from src\main\AndroidManifest.xml:58:5-61:16
MERGED from [:FtcCommon-release:] AndroidManifest.xml:26:9-35:20
	android:label
		ADDED from src\main\AndroidManifest.xml:60:7-48
	android:exported
		ADDED from [:FtcCommon-release:] AndroidManifest.xml:28:13-36
	android:name
		ADDED from src\main\AndroidManifest.xml:59:7-79
service#com.qualcomm.ftccommon.FtcRobotControllerService
ADDED from src\main\AndroidManifest.xml:62:5-64:32
	android:enabled
		ADDED from src\main\AndroidManifest.xml:64:7-29
	android:name
		ADDED from src\main\AndroidManifest.xml:63:7-70
activity#com.qualcomm.ftccommon.configuration.FtcLoadFileActivity
ADDED from src\main\AndroidManifest.xml:65:5-69:16
MERGED from [:FtcCommon-release:] AndroidManifest.xml:36:9-45:20
	android:label
		ADDED from src\main\AndroidManifest.xml:67:7-49
		REJECTED from [:FtcCommon-release:] AndroidManifest.xml:39:13-56
	android:exported
		ADDED from [:FtcCommon-release:] AndroidManifest.xml:38:13-36
	tools:replace
		ADDED from src\main\AndroidManifest.xml:68:7-36
	android:name
		ADDED from src\main\AndroidManifest.xml:66:7-78
activity#com.qualcomm.ftccommon.FtcWifiChannelSelectorActivity
ADDED from src\main\AndroidManifest.xml:70:5-74:16
MERGED from [:FtcCommon-release:] AndroidManifest.xml:64:9-73:20
	android:label
		ADDED from src\main\AndroidManifest.xml:72:9-69
		REJECTED from [:FtcCommon-release:] AndroidManifest.xml:67:13-73
	android:exported
		ADDED from [:FtcCommon-release:] AndroidManifest.xml:66:13-36
	tools:replace
		ADDED from src\main\AndroidManifest.xml:73:9-38
	android:name
		ADDED from src\main\AndroidManifest.xml:71:9-77
activity#com.qualcomm.ftccommon.ConfigWifiDirectActivity
ADDED from src\main\AndroidManifest.xml:75:5-77:67
MERGED from [:FtcCommon-release:] AndroidManifest.xml:60:9-63:73
	android:label
		ADDED from src\main\AndroidManifest.xml:77:7-64
	android:exported
		ADDED from [:FtcCommon-release:] AndroidManifest.xml:62:13-36
	android:name
		ADDED from src\main\AndroidManifest.xml:76:7-69
activity#com.qualcomm.ftccommon.ViewLogsActivity
ADDED from src\main\AndroidManifest.xml:78:5-87:16
MERGED from [:FtcCommon-release:] AndroidManifest.xml:74:9-82:20
	android:label
		ADDED from src\main\AndroidManifest.xml:81:7-55
		REJECTED from [:FtcCommon-release:] AndroidManifest.xml:76:13-55
	android:configChanges
		ADDED from src\main\AndroidManifest.xml:80:7-53
	tools:replace
		ADDED from src\main\AndroidManifest.xml:82:7-36
	android:name
		ADDED from src\main\AndroidManifest.xml:79:7-61
intent-filter#android.intent.category.DEFAULT+com.qualcomm.ftcrobotcontroller.VIEW_LOGS
ADDED from src\main\AndroidManifest.xml:83:7-86:23
action#com.qualcomm.ftcrobotcontroller.VIEW_LOGS
ADDED from src\main\AndroidManifest.xml:84:9-75
	android:name
		ADDED from src\main\AndroidManifest.xml:84:17-73
category#android.intent.category.DEFAULT
ADDED from src\main\AndroidManifest.xml:85:9-68
	android:name
		ADDED from src\main\AndroidManifest.xml:85:19-65
uses-sdk
INJECTED from src\main\AndroidManifest.xml reason: use-sdk injection requested
MERGED from [:RobotCore-release:] AndroidManifest.xml:5:5-7:41
MERGED from [:Hardware-release:] AndroidManifest.xml:5:5-7:41
MERGED from [:FtcCommon-release:] AndroidManifest.xml:7:5-9:41
MERGED from [:ModernRobotics-release:] AndroidManifest.xml:5:5-7:41
MERGED from [:Analytics-release:] AndroidManifest.xml:5:5-7:41
MERGED from [:WirelessP2p-release:] AndroidManifest.xml:5:5-7:41
	android:targetSdkVersion
		INJECTED from src\main\AndroidManifest.xml
		INJECTED from src\main\AndroidManifest.xml
	android:minSdkVersion
		INJECTED from src\main\AndroidManifest.xml
		INJECTED from src\main\AndroidManifest.xml
intent-filter#android.intent.category.DEFAULT+com.qualcomm.ftccommon.FtcRobotControllerSettingsActivity.intent.action.Launch
ADDED from [:FtcCommon-release:] AndroidManifest.xml:30:13-34:29
action#com.qualcomm.ftccommon.FtcRobotControllerSettingsActivity.intent.action.Launch
ADDED from [:FtcCommon-release:] AndroidManifest.xml:31:17-121
	android:name
		ADDED from [:FtcCommon-release:] AndroidManifest.xml:31:25-118
intent-filter#android.intent.category.DEFAULT+com.qualcomm.ftccommon.configuration.FtcLoadFileActivity.intent.action.Launch
ADDED from [:FtcCommon-release:] AndroidManifest.xml:40:13-44:29
action#com.qualcomm.ftccommon.configuration.FtcLoadFileActivity.intent.action.Launch
ADDED from [:FtcCommon-release:] AndroidManifest.xml:41:17-120
	android:name
		ADDED from [:FtcCommon-release:] AndroidManifest.xml:41:25-117
activity#com.qualcomm.ftccommon.configuration.AutoConfigureActivity
ADDED from [:FtcCommon-release:] AndroidManifest.xml:46:9-55:20
	android:label
		ADDED from [:FtcCommon-release:] AndroidManifest.xml:49:13-65
	android:exported
		ADDED from [:FtcCommon-release:] AndroidManifest.xml:48:13-36
	android:name
		ADDED from [:FtcCommon-release:] AndroidManifest.xml:47:13-86
intent-filter#android.intent.category.DEFAULT+com.qualcomm.ftccommon.configuration.FtcAutoconfigureActivity.intent.action.Launch
ADDED from [:FtcCommon-release:] AndroidManifest.xml:50:13-54:29
action#com.qualcomm.ftccommon.configuration.FtcAutoconfigureActivity.intent.action.Launch
ADDED from [:FtcCommon-release:] AndroidManifest.xml:51:17-125
	android:name
		ADDED from [:FtcCommon-release:] AndroidManifest.xml:51:25-122
activity#com.qualcomm.ftccommon.configuration.FtcConfigurationActivity
ADDED from [:FtcCommon-release:] AndroidManifest.xml:56:9-59:20
	android:label
		ADDED from [:FtcCommon-release:] AndroidManifest.xml:58:13-45
	android:name
		ADDED from [:FtcCommon-release:] AndroidManifest.xml:57:13-89
intent-filter#android.intent.category.DEFAULT+com.qualcomm.ftccommon.FtcWifiChannelSelectorActivity.intent.action.Launch
ADDED from [:FtcCommon-release:] AndroidManifest.xml:68:13-72:29
action#com.qualcomm.ftccommon.FtcWifiChannelSelectorActivity.intent.action.Launch
ADDED from [:FtcCommon-release:] AndroidManifest.xml:69:17-117
	android:name
		ADDED from [:FtcCommon-release:] AndroidManifest.xml:69:25-114
intent-filter#android.intent.category.DEFAULT+com.qualcomm.ftccommon.ViewLogsActivity.intent.action.Launch
ADDED from [:FtcCommon-release:] AndroidManifest.xml:77:13-81:29
action#com.qualcomm.ftccommon.ViewLogsActivity.intent.action.Launch
ADDED from [:FtcCommon-release:] AndroidManifest.xml:78:17-103
	android:name
		ADDED from [:FtcCommon-release:] AndroidManifest.xml:78:25-100
activity#com.qualcomm.ftccommon.AboutActivity
ADDED from [:FtcCommon-release:] AndroidManifest.xml:83:9-91:20
	android:label
		ADDED from [:FtcCommon-release:] AndroidManifest.xml:85:13-51
	android:name
		ADDED from [:FtcCommon-release:] AndroidManifest.xml:84:13-64
intent-filter#android.intent.category.DEFAULT+com.qualcomm.ftccommon.configuration.AboutActivity.intent.action.Launch
ADDED from [:FtcCommon-release:] AndroidManifest.xml:86:13-90:29
action#com.qualcomm.ftccommon.configuration.AboutActivity.intent.action.Launch
ADDED from [:FtcCommon-release:] AndroidManifest.xml:87:17-114
	android:name
		ADDED from [:FtcCommon-release:] AndroidManifest.xml:87:25-111
activity#com.qualcomm.ftccommon.configuration.EditMotorControllerActivity
ADDED from [:FtcCommon-release:] AndroidManifest.xml:92:9-97:20
	android:label
		ADDED from [:FtcCommon-release:] AndroidManifest.xml:95:13-67
	android:windowSoftInputMode
		ADDED from [:FtcCommon-release:] AndroidManifest.xml:96:13-54
	android:configChanges
		ADDED from [:FtcCommon-release:] AndroidManifest.xml:94:13-59
	android:name
		ADDED from [:FtcCommon-release:] AndroidManifest.xml:93:13-92
activity#com.qualcomm.ftccommon.configuration.EditServoControllerActivity
ADDED from [:FtcCommon-release:] AndroidManifest.xml:98:9-103:20
	android:label
		ADDED from [:FtcCommon-release:] AndroidManifest.xml:101:13-67
	android:windowSoftInputMode
		ADDED from [:FtcCommon-release:] AndroidManifest.xml:102:13-67
	android:configChanges
		ADDED from [:FtcCommon-release:] AndroidManifest.xml:100:13-59
	android:name
		ADDED from [:FtcCommon-release:] AndroidManifest.xml:99:13-92
activity#com.qualcomm.ftccommon.configuration.EditLegacyModuleControllerActivity
ADDED from [:FtcCommon-release:] AndroidManifest.xml:104:9-109:20
	android:label
		ADDED from [:FtcCommon-release:] AndroidManifest.xml:107:13-75
	android:windowSoftInputMode
		ADDED from [:FtcCommon-release:] AndroidManifest.xml:108:13-67
	android:configChanges
		ADDED from [:FtcCommon-release:] AndroidManifest.xml:106:13-59
	android:name
		ADDED from [:FtcCommon-release:] AndroidManifest.xml:105:13-99
activity#com.qualcomm.ftccommon.configuration.EditMatrixControllerActivity
ADDED from [:FtcCommon-release:] AndroidManifest.xml:110:9-115:20
	android:label
		ADDED from [:FtcCommon-release:] AndroidManifest.xml:113:13-68
	android:windowSoftInputMode
		ADDED from [:FtcCommon-release:] AndroidManifest.xml:114:13-67
	android:configChanges
		ADDED from [:FtcCommon-release:] AndroidManifest.xml:112:13-59
	android:name
		ADDED from [:FtcCommon-release:] AndroidManifest.xml:111:13-93
activity#com.qualcomm.ftccommon.configuration.EditDeviceInterfaceModuleActivity
ADDED from [:FtcCommon-release:] AndroidManifest.xml:116:9-121:20
	android:label
		ADDED from [:FtcCommon-release:] AndroidManifest.xml:119:13-90
	android:windowSoftInputMode
		ADDED from [:FtcCommon-release:] AndroidManifest.xml:120:13-67
	android:configChanges
		ADDED from [:FtcCommon-release:] AndroidManifest.xml:118:13-59
	android:name
		ADDED from [:FtcCommon-release:] AndroidManifest.xml:117:13-98
activity#com.qualcomm.ftccommon.configuration.EditPWMDevicesActivity
ADDED from [:FtcCommon-release:] AndroidManifest.xml:122:9-127:20
	android:label
		ADDED from [:FtcCommon-release:] AndroidManifest.xml:125:13-62
	android:windowSoftInputMode
		ADDED from [:FtcCommon-release:] AndroidManifest.xml:126:13-67
	android:configChanges
		ADDED from [:FtcCommon-release:] AndroidManifest.xml:124:13-59
	android:name
		ADDED from [:FtcCommon-release:] AndroidManifest.xml:123:13-87
activity#com.qualcomm.ftccommon.configuration.EditAnalogInputDevicesActivity
ADDED from [:FtcCommon-release:] AndroidManifest.xml:128:9-133:20
	android:label
		ADDED from [:FtcCommon-release:] AndroidManifest.xml:131:13-71
	android:windowSoftInputMode
		ADDED from [:FtcCommon-release:] AndroidManifest.xml:132:13-67
	android:configChanges
		ADDED from [:FtcCommon-release:] AndroidManifest.xml:130:13-59
	android:name
		ADDED from [:FtcCommon-release:] AndroidManifest.xml:129:13-95
activity#com.qualcomm.ftccommon.configuration.EditDigitalDevicesActivity
ADDED from [:FtcCommon-release:] AndroidManifest.xml:134:9-139:20
	android:label
		ADDED from [:FtcCommon-release:] AndroidManifest.xml:137:13-66
	android:windowSoftInputMode
		ADDED from [:FtcCommon-release:] AndroidManifest.xml:138:13-67
	android:configChanges
		ADDED from [:FtcCommon-release:] AndroidManifest.xml:136:13-59
	android:name
		ADDED from [:FtcCommon-release:] AndroidManifest.xml:135:13-91
activity#com.qualcomm.ftccommon.configuration.EditI2cDevicesActivity
ADDED from [:FtcCommon-release:] AndroidManifest.xml:140:9-145:20
	android:label
		ADDED from [:FtcCommon-release:] AndroidManifest.xml:143:13-62
	android:windowSoftInputMode
		ADDED from [:FtcCommon-release:] AndroidManifest.xml:144:13-67
	android:configChanges
		ADDED from [:FtcCommon-release:] AndroidManifest.xml:142:13-59
	android:name
		ADDED from [:FtcCommon-release:] AndroidManifest.xml:141:13-87
activity#com.qualcomm.ftccommon.configuration.EditAnalogOutputDevicesActivity
ADDED from [:FtcCommon-release:] AndroidManifest.xml:146:9-151:20
	android:label
		ADDED from [:FtcCommon-release:] AndroidManifest.xml:149:13-72
	android:windowSoftInputMode
		ADDED from [:FtcCommon-release:] AndroidManifest.xml:150:13-67
	android:configChanges
		ADDED from [:FtcCommon-release:] AndroidManifest.xml:148:13-59
	android:name
		ADDED from [:FtcCommon-release:] AndroidManifest.xml:147:13-96
uses-library#android.test.runner
ADDED from [:Analytics-release:] AndroidManifest.xml:23:9-60
	android:name
		ADDED from [:Analytics-release:] AndroidManifest.xml:23:23-57